  AVL.cpp
C:\Users\Eargosha\Desktop\AVLDEREVO\AVL\binarySearchTree.h(95,33): warning C4566: character represented by universal-character-name '\u0423' cannot be represented in the current code page (1252)
  (compiling source file 'AVL.cpp')
  
C:\Users\Eargosha\Desktop\AVLDEREVO\AVL\binarySearchTree.h(95,33): warning C4566: character represented by universal-character-name '\u0437' cannot be represented in the current code page (1252)
  (compiling source file 'AVL.cpp')
  
C:\Users\Eargosha\Desktop\AVLDEREVO\AVL\binarySearchTree.h(95,33): warning C4566: character represented by universal-character-name '\u0435' cannot be represented in the current code page (1252)
  (compiling source file 'AVL.cpp')
  
C:\Users\Eargosha\Desktop\AVLDEREVO\AVL\binarySearchTree.h(95,33): warning C4566: character represented by universal-character-name '\u043B' cannot be represented in the current code page (1252)
  (compiling source file 'AVL.cpp')
  
C:\Users\Eargosha\Desktop\AVLDEREVO\AVL\binarySearchTree.h(95,33): warning C4566: character represented by universal-character-name '\u0441' cannot be represented in the current code page (1252)
  (compiling source file 'AVL.cpp')
  
C:\Users\Eargosha\Desktop\AVLDEREVO\AVL\binarySearchTree.h(95,33): warning C4566: character represented by universal-character-name '\u0430' cannot be represented in the current code page (1252)
  (compiling source file 'AVL.cpp')
  
C:\Users\Eargosha\Desktop\AVLDEREVO\AVL\binarySearchTree.h(95,33): warning C4566: character represented by universal-character-name '\u0434' cannot be represented in the current code page (1252)
  (compiling source file 'AVL.cpp')
  
C:\Users\Eargosha\Desktop\AVLDEREVO\AVL\binarySearchTree.h(95,33): warning C4566: character represented by universal-character-name '\u043D' cannot be represented in the current code page (1252)
  (compiling source file 'AVL.cpp')
  
C:\Users\Eargosha\Desktop\AVLDEREVO\AVL\binarySearchTree.h(95,33): warning C4566: character represented by universal-character-name '\u044B' cannot be represented in the current code page (1252)
  (compiling source file 'AVL.cpp')
  
C:\Users\Eargosha\Desktop\AVLDEREVO\AVL\binarySearchTree.h(95,33): warning C4566: character represented by universal-character-name '\u043C' cannot be represented in the current code page (1252)
  (compiling source file 'AVL.cpp')
  
C:\Users\Eargosha\Desktop\AVLDEREVO\AVL\binarySearchTree.h(95,33): warning C4566: character represented by universal-character-name '\u043A' cannot be represented in the current code page (1252)
  (compiling source file 'AVL.cpp')
  
C:\Users\Eargosha\Desktop\AVLDEREVO\AVL\binarySearchTree.h(95,33): warning C4566: character represented by universal-character-name '\u044E' cannot be represented in the current code page (1252)
  (compiling source file 'AVL.cpp')
  
C:\Users\Eargosha\Desktop\AVLDEREVO\AVL\binarySearchTree.h(95,33): warning C4566: character represented by universal-character-name '\u0447' cannot be represented in the current code page (1252)
  (compiling source file 'AVL.cpp')
  
C:\Users\Eargosha\Desktop\AVLDEREVO\AVL\binarySearchTree.h(95,33): warning C4566: character represented by universal-character-name '\u043E' cannot be represented in the current code page (1252)
  (compiling source file 'AVL.cpp')
  
C:\Users\Eargosha\Desktop\AVLDEREVO\AVL\binarySearchTree.h(95,33): warning C4566: character represented by universal-character-name '\u0439' cannot be represented in the current code page (1252)
  (compiling source file 'AVL.cpp')
  
C:\Users\Eargosha\Desktop\AVLDEREVO\AVL\binarySearchTree.h(110,21): warning C4566: character represented by universal-character-name '\u041F' cannot be represented in the current code page (1252)
  (compiling source file 'AVL.cpp')
  
C:\Users\Eargosha\Desktop\AVLDEREVO\AVL\binarySearchTree.h(110,21): warning C4566: character represented by universal-character-name '\u0443' cannot be represented in the current code page (1252)
  (compiling source file 'AVL.cpp')
  
C:\Users\Eargosha\Desktop\AVLDEREVO\AVL\binarySearchTree.h(110,21): warning C4566: character represented by universal-character-name '\u0441' cannot be represented in the current code page (1252)
  (compiling source file 'AVL.cpp')
  
C:\Users\Eargosha\Desktop\AVLDEREVO\AVL\binarySearchTree.h(110,21): warning C4566: character represented by universal-character-name '\u0442' cannot be represented in the current code page (1252)
  (compiling source file 'AVL.cpp')
  
C:\Users\Eargosha\Desktop\AVLDEREVO\AVL\binarySearchTree.h(110,21): warning C4566: character represented by universal-character-name '\u043E' cannot be represented in the current code page (1252)
  (compiling source file 'AVL.cpp')
  
C:\Users\Eargosha\Desktop\AVLDEREVO\AVL\binarySearchTree.h(152,17): warning C4566: character represented by universal-character-name '\u0421' cannot be represented in the current code page (1252)
  (compiling source file 'AVL.cpp')
  
C:\Users\Eargosha\Desktop\AVLDEREVO\AVL\binarySearchTree.h(152,17): warning C4566: character represented by universal-character-name '\u0438' cannot be represented in the current code page (1252)
  (compiling source file 'AVL.cpp')
  
C:\Users\Eargosha\Desktop\AVLDEREVO\AVL\binarySearchTree.h(152,17): warning C4566: character represented by universal-character-name '\u043C' cannot be represented in the current code page (1252)
  (compiling source file 'AVL.cpp')
  
C:\Users\Eargosha\Desktop\AVLDEREVO\AVL\binarySearchTree.h(152,17): warning C4566: character represented by universal-character-name '\u0435' cannot be represented in the current code page (1252)
  (compiling source file 'AVL.cpp')
  
C:\Users\Eargosha\Desktop\AVLDEREVO\AVL\binarySearchTree.h(152,17): warning C4566: character represented by universal-character-name '\u0442' cannot be represented in the current code page (1252)
  (compiling source file 'AVL.cpp')
  
C:\Users\Eargosha\Desktop\AVLDEREVO\AVL\binarySearchTree.h(152,17): warning C4566: character represented by universal-character-name '\u0440' cannot be represented in the current code page (1252)
  (compiling source file 'AVL.cpp')
  
C:\Users\Eargosha\Desktop\AVLDEREVO\AVL\binarySearchTree.h(152,17): warning C4566: character represented by universal-character-name '\u0447' cannot be represented in the current code page (1252)
  (compiling source file 'AVL.cpp')
  
C:\Users\Eargosha\Desktop\AVLDEREVO\AVL\binarySearchTree.h(152,17): warning C4566: character represented by universal-character-name '\u043D' cannot be represented in the current code page (1252)
  (compiling source file 'AVL.cpp')
  
C:\Users\Eargosha\Desktop\AVLDEREVO\AVL\binarySearchTree.h(152,17): warning C4566: character represented by universal-character-name '\u044B' cannot be represented in the current code page (1252)
  (compiling source file 'AVL.cpp')
  
C:\Users\Eargosha\Desktop\AVLDEREVO\AVL\binarySearchTree.h(152,17): warning C4566: character represented by universal-character-name '\u0439' cannot be represented in the current code page (1252)
  (compiling source file 'AVL.cpp')
  
C:\Users\Eargosha\Desktop\AVLDEREVO\AVL\binarySearchTree.h(152,17): warning C4566: character represented by universal-character-name '\u043E' cannot be represented in the current code page (1252)
  (compiling source file 'AVL.cpp')
  
C:\Users\Eargosha\Desktop\AVLDEREVO\AVL\binarySearchTree.h(152,17): warning C4566: character represented by universal-character-name '\u0431' cannot be represented in the current code page (1252)
  (compiling source file 'AVL.cpp')
  
C:\Users\Eargosha\Desktop\AVLDEREVO\AVL\binarySearchTree.h(152,17): warning C4566: character represented by universal-character-name '\u0445' cannot be represented in the current code page (1252)
  (compiling source file 'AVL.cpp')
  
C:\Users\Eargosha\Desktop\AVLDEREVO\AVL\binarySearchTree.h(152,17): warning C4566: character represented by universal-character-name '\u0414' cannot be represented in the current code page (1252)
  (compiling source file 'AVL.cpp')
  
C:\Users\Eargosha\Desktop\AVLDEREVO\AVL\binarySearchTree.h(165,17): warning C4566: character represented by universal-character-name '\u0421' cannot be represented in the current code page (1252)
  (compiling source file 'AVL.cpp')
  
C:\Users\Eargosha\Desktop\AVLDEREVO\AVL\binarySearchTree.h(165,17): warning C4566: character represented by universal-character-name '\u0438' cannot be represented in the current code page (1252)
  (compiling source file 'AVL.cpp')
  
C:\Users\Eargosha\Desktop\AVLDEREVO\AVL\binarySearchTree.h(165,17): warning C4566: character represented by universal-character-name '\u043C' cannot be represented in the current code page (1252)
  (compiling source file 'AVL.cpp')
  
C:\Users\Eargosha\Desktop\AVLDEREVO\AVL\binarySearchTree.h(165,17): warning C4566: character represented by universal-character-name '\u0435' cannot be represented in the current code page (1252)
  (compiling source file 'AVL.cpp')
  
C:\Users\Eargosha\Desktop\AVLDEREVO\AVL\binarySearchTree.h(165,17): warning C4566: character represented by universal-character-name '\u0442' cannot be represented in the current code page (1252)
  (compiling source file 'AVL.cpp')
  
C:\Users\Eargosha\Desktop\AVLDEREVO\AVL\binarySearchTree.h(165,17): warning C4566: character represented by universal-character-name '\u0440' cannot be represented in the current code page (1252)
  (compiling source file 'AVL.cpp')
  
C:\Users\Eargosha\Desktop\AVLDEREVO\AVL\binarySearchTree.h(165,17): warning C4566: character represented by universal-character-name '\u0447' cannot be represented in the current code page (1252)
  (compiling source file 'AVL.cpp')
  
C:\Users\Eargosha\Desktop\AVLDEREVO\AVL\binarySearchTree.h(165,17): warning C4566: character represented by universal-character-name '\u043D' cannot be represented in the current code page (1252)
  (compiling source file 'AVL.cpp')
  
C:\Users\Eargosha\Desktop\AVLDEREVO\AVL\binarySearchTree.h(165,17): warning C4566: character represented by universal-character-name '\u044B' cannot be represented in the current code page (1252)
  (compiling source file 'AVL.cpp')
  
C:\Users\Eargosha\Desktop\AVLDEREVO\AVL\binarySearchTree.h(165,17): warning C4566: character represented by universal-character-name '\u0439' cannot be represented in the current code page (1252)
  (compiling source file 'AVL.cpp')
  
C:\Users\Eargosha\Desktop\AVLDEREVO\AVL\binarySearchTree.h(165,17): warning C4566: character represented by universal-character-name '\u043E' cannot be represented in the current code page (1252)
  (compiling source file 'AVL.cpp')
  
C:\Users\Eargosha\Desktop\AVLDEREVO\AVL\binarySearchTree.h(165,17): warning C4566: character represented by universal-character-name '\u0431' cannot be represented in the current code page (1252)
  (compiling source file 'AVL.cpp')
  
C:\Users\Eargosha\Desktop\AVLDEREVO\AVL\binarySearchTree.h(165,17): warning C4566: character represented by universal-character-name '\u0445' cannot be represented in the current code page (1252)
  (compiling source file 'AVL.cpp')
  
C:\Users\Eargosha\Desktop\AVLDEREVO\AVL\binarySearchTree.h(165,17): warning C4566: character represented by universal-character-name '\u0414' cannot be represented in the current code page (1252)
  (compiling source file 'AVL.cpp')
  
C:\Users\Eargosha\Desktop\AVLDEREVO\AVL\binarySearchTree.h(178,17): warning C4566: character represented by universal-character-name '\u0421' cannot be represented in the current code page (1252)
  (compiling source file 'AVL.cpp')
  
C:\Users\Eargosha\Desktop\AVLDEREVO\AVL\binarySearchTree.h(178,17): warning C4566: character represented by universal-character-name '\u0438' cannot be represented in the current code page (1252)
  (compiling source file 'AVL.cpp')
  
C:\Users\Eargosha\Desktop\AVLDEREVO\AVL\binarySearchTree.h(178,17): warning C4566: character represented by universal-character-name '\u043C' cannot be represented in the current code page (1252)
  (compiling source file 'AVL.cpp')
  
C:\Users\Eargosha\Desktop\AVLDEREVO\AVL\binarySearchTree.h(178,17): warning C4566: character represented by universal-character-name '\u0435' cannot be represented in the current code page (1252)
  (compiling source file 'AVL.cpp')
  
C:\Users\Eargosha\Desktop\AVLDEREVO\AVL\binarySearchTree.h(178,17): warning C4566: character represented by universal-character-name '\u0442' cannot be represented in the current code page (1252)
  (compiling source file 'AVL.cpp')
  
C:\Users\Eargosha\Desktop\AVLDEREVO\AVL\binarySearchTree.h(178,17): warning C4566: character represented by universal-character-name '\u0440' cannot be represented in the current code page (1252)
  (compiling source file 'AVL.cpp')
  
C:\Users\Eargosha\Desktop\AVLDEREVO\AVL\binarySearchTree.h(178,17): warning C4566: character represented by universal-character-name '\u0447' cannot be represented in the current code page (1252)
  (compiling source file 'AVL.cpp')
  
C:\Users\Eargosha\Desktop\AVLDEREVO\AVL\binarySearchTree.h(178,17): warning C4566: character represented by universal-character-name '\u043D' cannot be represented in the current code page (1252)
  (compiling source file 'AVL.cpp')
  
C:\Users\Eargosha\Desktop\AVLDEREVO\AVL\binarySearchTree.h(178,17): warning C4566: character represented by universal-character-name '\u044B' cannot be represented in the current code page (1252)
  (compiling source file 'AVL.cpp')
  
C:\Users\Eargosha\Desktop\AVLDEREVO\AVL\binarySearchTree.h(178,17): warning C4566: character represented by universal-character-name '\u0439' cannot be represented in the current code page (1252)
  (compiling source file 'AVL.cpp')
  
C:\Users\Eargosha\Desktop\AVLDEREVO\AVL\binarySearchTree.h(178,17): warning C4566: character represented by universal-character-name '\u043E' cannot be represented in the current code page (1252)
  (compiling source file 'AVL.cpp')
  
C:\Users\Eargosha\Desktop\AVLDEREVO\AVL\binarySearchTree.h(178,17): warning C4566: character represented by universal-character-name '\u0431' cannot be represented in the current code page (1252)
  (compiling source file 'AVL.cpp')
  
C:\Users\Eargosha\Desktop\AVLDEREVO\AVL\binarySearchTree.h(178,17): warning C4566: character represented by universal-character-name '\u0445' cannot be represented in the current code page (1252)
  (compiling source file 'AVL.cpp')
  
C:\Users\Eargosha\Desktop\AVLDEREVO\AVL\binarySearchTree.h(178,17): warning C4566: character represented by universal-character-name '\u0414' cannot be represented in the current code page (1252)
  (compiling source file 'AVL.cpp')
  
C:\Users\Eargosha\Desktop\AVLDEREVO\AVL\binarySearchTree.h(331,36): warning C4566: character represented by universal-character-name '\u0418' cannot be represented in the current code page (1252)
  (compiling source file 'AVL.cpp')
  
C:\Users\Eargosha\Desktop\AVLDEREVO\AVL\binarySearchTree.h(331,36): warning C4566: character represented by universal-character-name '\u0442' cannot be represented in the current code page (1252)
  (compiling source file 'AVL.cpp')
  
C:\Users\Eargosha\Desktop\AVLDEREVO\AVL\binarySearchTree.h(331,36): warning C4566: character represented by universal-character-name '\u0435' cannot be represented in the current code page (1252)
  (compiling source file 'AVL.cpp')
  
C:\Users\Eargosha\Desktop\AVLDEREVO\AVL\binarySearchTree.h(331,36): warning C4566: character represented by universal-character-name '\u0440' cannot be represented in the current code page (1252)
  (compiling source file 'AVL.cpp')
  
C:\Users\Eargosha\Desktop\AVLDEREVO\AVL\binarySearchTree.h(331,36): warning C4566: character represented by universal-character-name '\u0430' cannot be represented in the current code page (1252)
  (compiling source file 'AVL.cpp')
  
C:\Users\Eargosha\Desktop\AVLDEREVO\AVL\binarySearchTree.h(331,36): warning C4566: character represented by universal-character-name '\u043E' cannot be represented in the current code page (1252)
  (compiling source file 'AVL.cpp')
  
C:\Users\Eargosha\Desktop\AVLDEREVO\AVL\binarySearchTree.h(331,36): warning C4566: character represented by universal-character-name '\u0432' cannot be represented in the current code page (1252)
  (compiling source file 'AVL.cpp')
  
C:\Users\Eargosha\Desktop\AVLDEREVO\AVL\binarySearchTree.h(331,36): warning C4566: character represented by universal-character-name '\u043D' cannot be represented in the current code page (1252)
  (compiling source file 'AVL.cpp')
  
C:\Users\Eargosha\Desktop\AVLDEREVO\AVL\binarySearchTree.h(331,36): warning C4566: character represented by universal-character-name '\u0443' cannot be represented in the current code page (1252)
  (compiling source file 'AVL.cpp')
  
C:\Users\Eargosha\Desktop\AVLDEREVO\AVL\binarySearchTree.h(331,36): warning C4566: character represented by universal-character-name '\u043B' cannot be represented in the current code page (1252)
  (compiling source file 'AVL.cpp')
  
C:\Users\Eargosha\Desktop\AVLDEREVO\AVL\binarySearchTree.h(331,36): warning C4566: character represented by universal-character-name '\u0437' cannot be represented in the current code page (1252)
  (compiling source file 'AVL.cpp')
  
C:\Users\Eargosha\Desktop\AVLDEREVO\AVL\binarySearchTree.h(331,36): warning C4566: character represented by universal-character-name '\u0447' cannot be represented in the current code page (1252)
  (compiling source file 'AVL.cpp')
  
C:\Users\Eargosha\Desktop\AVLDEREVO\AVL\binarySearchTree.h(331,36): warning C4566: character represented by universal-character-name '\u0438' cannot be represented in the current code page (1252)
  (compiling source file 'AVL.cpp')
  
C:\Users\Eargosha\Desktop\AVLDEREVO\AVL\binarySearchTree.h(344,37): warning C4566: character represented by universal-character-name '\u0418' cannot be represented in the current code page (1252)
  (compiling source file 'AVL.cpp')
  
C:\Users\Eargosha\Desktop\AVLDEREVO\AVL\binarySearchTree.h(344,37): warning C4566: character represented by universal-character-name '\u0442' cannot be represented in the current code page (1252)
  (compiling source file 'AVL.cpp')
  
C:\Users\Eargosha\Desktop\AVLDEREVO\AVL\binarySearchTree.h(344,37): warning C4566: character represented by universal-character-name '\u0435' cannot be represented in the current code page (1252)
  (compiling source file 'AVL.cpp')
  
C:\Users\Eargosha\Desktop\AVLDEREVO\AVL\binarySearchTree.h(344,37): warning C4566: character represented by universal-character-name '\u0440' cannot be represented in the current code page (1252)
  (compiling source file 'AVL.cpp')
  
C:\Users\Eargosha\Desktop\AVLDEREVO\AVL\binarySearchTree.h(344,37): warning C4566: character represented by universal-character-name '\u0430' cannot be represented in the current code page (1252)
  (compiling source file 'AVL.cpp')
  
C:\Users\Eargosha\Desktop\AVLDEREVO\AVL\binarySearchTree.h(344,37): warning C4566: character represented by universal-character-name '\u043E' cannot be represented in the current code page (1252)
  (compiling source file 'AVL.cpp')
  
C:\Users\Eargosha\Desktop\AVLDEREVO\AVL\binarySearchTree.h(344,37): warning C4566: character represented by universal-character-name '\u0432' cannot be represented in the current code page (1252)
  (compiling source file 'AVL.cpp')
  
C:\Users\Eargosha\Desktop\AVLDEREVO\AVL\binarySearchTree.h(344,37): warning C4566: character represented by universal-character-name '\u043D' cannot be represented in the current code page (1252)
  (compiling source file 'AVL.cpp')
  
C:\Users\Eargosha\Desktop\AVLDEREVO\AVL\binarySearchTree.h(344,37): warning C4566: character represented by universal-character-name '\u0443' cannot be represented in the current code page (1252)
  (compiling source file 'AVL.cpp')
  
C:\Users\Eargosha\Desktop\AVLDEREVO\AVL\binarySearchTree.h(344,37): warning C4566: character represented by universal-character-name '\u043B' cannot be represented in the current code page (1252)
  (compiling source file 'AVL.cpp')
  
C:\Users\Eargosha\Desktop\AVLDEREVO\AVL\binarySearchTree.h(344,37): warning C4566: character represented by universal-character-name '\u0437' cannot be represented in the current code page (1252)
  (compiling source file 'AVL.cpp')
  
C:\Users\Eargosha\Desktop\AVLDEREVO\AVL\binarySearchTree.h(344,37): warning C4566: character represented by universal-character-name '\u0447' cannot be represented in the current code page (1252)
  (compiling source file 'AVL.cpp')
  
C:\Users\Eargosha\Desktop\AVLDEREVO\AVL\binarySearchTree.h(344,37): warning C4566: character represented by universal-character-name '\u0438' cannot be represented in the current code page (1252)
  (compiling source file 'AVL.cpp')
  
C:\Users\Eargosha\Desktop\AVLDEREVO\AVL\binarySearchTree.h(548,26): warning C4566: character represented by universal-character-name '\u041E' cannot be represented in the current code page (1252)
  (compiling source file 'AVL.cpp')
  
C:\Users\Eargosha\Desktop\AVLDEREVO\AVL\binarySearchTree.h(548,26): warning C4566: character represented by universal-character-name '\u0448' cannot be represented in the current code page (1252)
  (compiling source file 'AVL.cpp')
  
C:\Users\Eargosha\Desktop\AVLDEREVO\AVL\binarySearchTree.h(548,26): warning C4566: character represented by universal-character-name '\u0438' cannot be represented in the current code page (1252)
  (compiling source file 'AVL.cpp')
  
C:\Users\Eargosha\Desktop\AVLDEREVO\AVL\binarySearchTree.h(548,26): warning C4566: character represented by universal-character-name '\u0431' cannot be represented in the current code page (1252)
  (compiling source file 'AVL.cpp')
  
C:\Users\Eargosha\Desktop\AVLDEREVO\AVL\binarySearchTree.h(548,26): warning C4566: character represented by universal-character-name '\u043A' cannot be represented in the current code page (1252)
  (compiling source file 'AVL.cpp')
  
C:\Users\Eargosha\Desktop\AVLDEREVO\AVL\binarySearchTree.h(548,26): warning C4566: character represented by universal-character-name '\u0430' cannot be represented in the current code page (1252)
  (compiling source file 'AVL.cpp')
  
C:\Users\Eargosha\Desktop\AVLDEREVO\AVL\binarySearchTree.h(548,26): warning C4566: character represented by universal-character-name '\u043F' cannot be represented in the current code page (1252)
  (compiling source file 'AVL.cpp')
  
C:\Users\Eargosha\Desktop\AVLDEREVO\AVL\binarySearchTree.h(548,26): warning C4566: character represented by universal-character-name '\u0435' cannot be represented in the current code page (1252)
  (compiling source file 'AVL.cpp')
  
C:\Users\Eargosha\Desktop\AVLDEREVO\AVL\binarySearchTree.h(548,26): warning C4566: character represented by universal-character-name '\u0440' cannot be represented in the current code page (1252)
  (compiling source file 'AVL.cpp')
  
C:\Users\Eargosha\Desktop\AVLDEREVO\AVL\binarySearchTree.h(548,26): warning C4566: character represented by universal-character-name '\u0445' cannot be represented in the current code page (1252)
  (compiling source file 'AVL.cpp')
  
C:\Users\Eargosha\Desktop\AVLDEREVO\AVL\binarySearchTree.h(548,26): warning C4566: character represented by universal-character-name '\u0432' cannot be represented in the current code page (1252)
  (compiling source file 'AVL.cpp')
  
C:\Users\Eargosha\Desktop\AVLDEREVO\AVL\binarySearchTree.h(548,26): warning C4566: character represented by universal-character-name '\u0447' cannot be represented in the current code page (1252)
  (compiling source file 'AVL.cpp')
  
C:\Users\Eargosha\Desktop\AVLDEREVO\AVL\binarySearchTree.h(548,26): warning C4566: character represented by universal-character-name '\u043D' cannot be represented in the current code page (1252)
  (compiling source file 'AVL.cpp')
  
C:\Users\Eargosha\Desktop\AVLDEREVO\AVL\binarySearchTree.h(559,26): warning C4566: character represented by universal-character-name '\u041E' cannot be represented in the current code page (1252)
  (compiling source file 'AVL.cpp')
  
C:\Users\Eargosha\Desktop\AVLDEREVO\AVL\binarySearchTree.h(559,26): warning C4566: character represented by universal-character-name '\u0448' cannot be represented in the current code page (1252)
  (compiling source file 'AVL.cpp')
  
C:\Users\Eargosha\Desktop\AVLDEREVO\AVL\binarySearchTree.h(559,26): warning C4566: character represented by universal-character-name '\u0438' cannot be represented in the current code page (1252)
  (compiling source file 'AVL.cpp')
  
C:\Users\Eargosha\Desktop\AVLDEREVO\AVL\binarySearchTree.h(559,26): warning C4566: character represented by universal-character-name '\u0431' cannot be represented in the current code page (1252)
  (compiling source file 'AVL.cpp')
  
C:\Users\Eargosha\Desktop\AVLDEREVO\AVL\binarySearchTree.h(559,26): warning C4566: character represented by universal-character-name '\u043A' cannot be represented in the current code page (1252)
  (compiling source file 'AVL.cpp')
  
C:\Users\Eargosha\Desktop\AVLDEREVO\AVL\binarySearchTree.h(559,26): warning C4566: character represented by universal-character-name '\u0430' cannot be represented in the current code page (1252)
  (compiling source file 'AVL.cpp')
  
C:\Users\Eargosha\Desktop\AVLDEREVO\AVL\binarySearchTree.h(559,26): warning C4566: character represented by universal-character-name '\u043F' cannot be represented in the current code page (1252)
  (compiling source file 'AVL.cpp')
  
C:\Users\Eargosha\Desktop\AVLDEREVO\AVL\binarySearchTree.h(559,26): warning C4566: character represented by universal-character-name '\u0435' cannot be represented in the current code page (1252)
  (compiling source file 'AVL.cpp')
  
C:\Users\Eargosha\Desktop\AVLDEREVO\AVL\binarySearchTree.h(559,26): warning C4566: character represented by universal-character-name '\u0440' cannot be represented in the current code page (1252)
  (compiling source file 'AVL.cpp')
  
C:\Users\Eargosha\Desktop\AVLDEREVO\AVL\binarySearchTree.h(559,26): warning C4566: character represented by universal-character-name '\u0445' cannot be represented in the current code page (1252)
  (compiling source file 'AVL.cpp')
  
C:\Users\Eargosha\Desktop\AVLDEREVO\AVL\binarySearchTree.h(559,26): warning C4566: character represented by universal-character-name '\u0432' cannot be represented in the current code page (1252)
  (compiling source file 'AVL.cpp')
  
C:\Users\Eargosha\Desktop\AVLDEREVO\AVL\binarySearchTree.h(559,26): warning C4566: character represented by universal-character-name '\u0447' cannot be represented in the current code page (1252)
  (compiling source file 'AVL.cpp')
  
C:\Users\Eargosha\Desktop\AVLDEREVO\AVL\binarySearchTree.h(559,26): warning C4566: character represented by universal-character-name '\u043D' cannot be represented in the current code page (1252)
  (compiling source file 'AVL.cpp')
  
C:\Users\Eargosha\Desktop\AVLDEREVO\AVL\binarySearchTree.h(602,17): warning C4566: character represented by universal-character-name '\u0422' cannot be represented in the current code page (1252)
  (compiling source file 'AVL.cpp')
  
C:\Users\Eargosha\Desktop\AVLDEREVO\AVL\binarySearchTree.h(602,17): warning C4566: character represented by universal-character-name '\u0435' cannot be represented in the current code page (1252)
  (compiling source file 'AVL.cpp')
  
C:\Users\Eargosha\Desktop\AVLDEREVO\AVL\binarySearchTree.h(602,17): warning C4566: character represented by universal-character-name '\u0441' cannot be represented in the current code page (1252)
  (compiling source file 'AVL.cpp')
  
C:\Users\Eargosha\Desktop\AVLDEREVO\AVL\binarySearchTree.h(602,17): warning C4566: character represented by universal-character-name '\u0442' cannot be represented in the current code page (1252)
  (compiling source file 'AVL.cpp')
  
C:\Users\Eargosha\Desktop\AVLDEREVO\AVL\binarySearchTree.h(602,17): warning C4566: character represented by universal-character-name '\u044B' cannot be represented in the current code page (1252)
  (compiling source file 'AVL.cpp')
  
C:\Users\Eargosha\Desktop\AVLDEREVO\AVL\binarySearchTree.h(602,17): warning C4566: character represented by universal-character-name '\u043F' cannot be represented in the current code page (1252)
  (compiling source file 'AVL.cpp')
  
C:\Users\Eargosha\Desktop\AVLDEREVO\AVL\binarySearchTree.h(602,17): warning C4566: character represented by universal-character-name '\u0440' cannot be represented in the current code page (1252)
  (compiling source file 'AVL.cpp')
  
C:\Users\Eargosha\Desktop\AVLDEREVO\AVL\binarySearchTree.h(602,17): warning C4566: character represented by universal-character-name '\u043E' cannot be represented in the current code page (1252)
  (compiling source file 'AVL.cpp')
  
C:\Users\Eargosha\Desktop\AVLDEREVO\AVL\binarySearchTree.h(602,17): warning C4566: character represented by universal-character-name '\u0448' cannot be represented in the current code page (1252)
  (compiling source file 'AVL.cpp')
  
C:\Users\Eargosha\Desktop\AVLDEREVO\AVL\binarySearchTree.h(602,17): warning C4566: character represented by universal-character-name '\u043B' cannot be represented in the current code page (1252)
  (compiling source file 'AVL.cpp')
  
C:\Users\Eargosha\Desktop\AVLDEREVO\AVL\binarySearchTree.h(602,17): warning C4566: character represented by universal-character-name '\u0430' cannot be represented in the current code page (1252)
  (compiling source file 'AVL.cpp')
  
C:\Users\Eargosha\Desktop\AVLDEREVO\AVL\binarySearchTree.h(602,17): warning C4566: character represented by universal-character-name '\u043D' cannot be represented in the current code page (1252)
  (compiling source file 'AVL.cpp')
  
C:\Users\Eargosha\Desktop\AVLDEREVO\AVL\binarySearchTree.h(602,17): warning C4566: character represented by universal-character-name '\u042B' cannot be represented in the current code page (1252)
  (compiling source file 'AVL.cpp')
  
C:\Users\Eargosha\Desktop\AVLDEREVO\AVL\avl_tree.h(681,22): warning C4566: character represented by universal-character-name '\u042F' cannot be represented in the current code page (1252)
  (compiling source file 'AVL.cpp')
  
C:\Users\Eargosha\Desktop\AVLDEREVO\AVL\avl_tree.h(681,22): warning C4566: character represented by universal-character-name '\u043F' cannot be represented in the current code page (1252)
  (compiling source file 'AVL.cpp')
  
C:\Users\Eargosha\Desktop\AVLDEREVO\AVL\avl_tree.h(681,22): warning C4566: character represented by universal-character-name '\u043B' cannot be represented in the current code page (1252)
  (compiling source file 'AVL.cpp')
  
C:\Users\Eargosha\Desktop\AVLDEREVO\AVL\avl_tree.h(681,22): warning C4566: character represented by universal-character-name '\u0430' cannot be represented in the current code page (1252)
  (compiling source file 'AVL.cpp')
  
C:\Users\Eargosha\Desktop\AVLDEREVO\AVL\avl_tree.h(681,22): warning C4566: character represented by universal-character-name '\u043A' cannot be represented in the current code page (1252)
  (compiling source file 'AVL.cpp')
  
C:\Users\Eargosha\Desktop\AVLDEREVO\AVL\avl_tree.h(681,22): warning C4566: character represented by universal-character-name '\u0434' cannot be represented in the current code page (1252)
  (compiling source file 'AVL.cpp')
  
C:\Users\Eargosha\Desktop\AVLDEREVO\AVL\avl_tree.h(681,22): warning C4566: character represented by universal-character-name '\u0435' cannot be represented in the current code page (1252)
  (compiling source file 'AVL.cpp')
  
C:\Users\Eargosha\Desktop\AVLDEREVO\AVL\avl_tree.h(681,22): warning C4566: character represented by universal-character-name '\u0442' cannot be represented in the current code page (1252)
  (compiling source file 'AVL.cpp')
  
C:\Users\Eargosha\Desktop\AVLDEREVO\AVL\avl_tree.h(681,22): warning C4566: character represented by universal-character-name '\u044C' cannot be represented in the current code page (1252)
  (compiling source file 'AVL.cpp')
  
C:\Users\Eargosha\Desktop\AVLDEREVO\AVL\avl_tree.h(681,22): warning C4566: character represented by universal-character-name '\u0445' cannot be represented in the current code page (1252)
  (compiling source file 'AVL.cpp')
  
C:\Users\Eargosha\Desktop\AVLDEREVO\AVL\avl_tree.h(681,22): warning C4566: character represented by universal-character-name '\u043E' cannot be represented in the current code page (1252)
  (compiling source file 'AVL.cpp')
  
C:\Users\Eargosha\Desktop\AVLDEREVO\AVL\avl_tree.h(681,22): warning C4566: character represented by universal-character-name '\u0447' cannot be represented in the current code page (1252)
  (compiling source file 'AVL.cpp')
  
C:\Users\Eargosha\Desktop\AVLDEREVO\AVL\avl_tree.h(681,22): warning C4566: character represented by universal-character-name '\u0443' cannot be represented in the current code page (1252)
  (compiling source file 'AVL.cpp')
  
  AVL.vcxproj -> C:\Users\Eargosha\Desktop\AVLDEREVO\AVL\x64\Debug\AVL.exe
